# JRE version: Java(TM) SE Runtime Environment (8.0_65-b17) (build 1.8.0_65-b17)
# Java VM: Java HotSpot(TM) 64-Bit Server VM (25.65-b01 mixed mode bsd-amd64 compressed oops)
Heap:
 PSYoungGen      total 192000K, used 76321K [0x000000076ab00000, 0x000000077c100000, 0x00000007c0000000)
  eden space 181248K, 42% used [0x000000076ab00000,0x000000076f5887f8,0x0000000775c00000)
  from space 10752K, 0% used [0x0000000775c00000,0x0000000775c00000,0x0000000776680000)
  to   space 17408K, 0% used [0x000000077b000000,0x000000077b000000,0x000000077c100000)
 ParOldGen       total 171008K, used 18650K [0x00000006c0000000, 0x00000006ca700000, 0x000000076ab00000)
  object space 171008K, 10% used [0x00000006c0000000,0x00000006c12368d8,0x00000006ca700000)
 Metaspace       used 37799K, capacity 38354K, committed 38784K, reserved 1083392K
  class space    used 4551K, capacity 4684K, committed 4736K, reserved 1048576K
GC Heap History (10 events):
Event: 1.188 GC heap before
{Heap before GC invocations=3 (full 1):
 PSYoungGen      total 141824K, used 10720K [0x000000076ab00000, 0x0000000774000000, 0x00000007c0000000)
  eden space 131072K, 0% used [0x000000076ab00000,0x000000076ab00000,0x0000000772b00000)
  from space 10752K, 99% used [0x0000000773580000,0x0000000773ff8068,0x0000000774000000)
  to   space 10752K, 0% used [0x0000000772b00000,0x0000000772b00000,0x0000000773580000)
 ParOldGen       total 175104K, used 1421K [0x00000006c0000000, 0x00000006cab00000, 0x000000076ab00000)
  object space 175104K, 0% used [0x00000006c0000000,0x00000006c0163790,0x00000006cab00000)
 Metaspace       used 20847K, capacity 21136K, committed 21296K, reserved 1069056K
  class space    used 2543K, capacity 2624K, committed 2688K, reserved 1048576K
Event: 1.214 GC heap after
Heap after GC invocations=3 (full 1):
 PSYoungGen      total 141824K, used 0K [0x000000076ab00000, 0x0000000774000000, 0x00000007c0000000)
  eden space 131072K, 0% used [0x000000076ab00000,0x000000076ab00000,0x0000000772b00000)
  from space 10752K, 0% used [0x0000000773580000,0x0000000773580000,0x0000000774000000)
  to   space 10752K, 0% used [0x0000000772b00000,0x0000000772b00000,0x0000000773580000)
 ParOldGen       total 114688K, used 11563K [0x00000006c0000000, 0x00000006c7000000, 0x000000076ab00000)
  object space 114688K, 10% used [0x00000006c0000000,0x00000006c0b4af10,0x00000006c7000000)
 Metaspace       used 20847K, capacity 21136K, committed 21296K, reserved 1069056K
  class space    used 2543K, capacity 2624K, committed 2688K, reserved 1048576K
}
Event: 4.274 GC heap before
{Heap before GC invocations=4 (full 1):
 PSYoungGen      total 141824K, used 131072K [0x000000076ab00000, 0x0000000774000000, 0x00000007c0000000)
  eden space 131072K, 100% used [0x000000076ab00000,0x0000000772b00000,0x0000000772b00000)
  from space 10752K, 0% used [0x0000000773580000,0x0000000773580000,0x0000000774000000)
  to   space 10752K, 0% used [0x0000000772b00000,0x0000000772b00000,0x0000000773580000)
 ParOldGen       total 114688K, used 11563K [0x00000006c0000000, 0x00000006c7000000, 0x000000076ab00000)
  object space 114688K, 10% used [0x00000006c0000000,0x00000006c0b4af10,0x00000006c7000000)
 Metaspace       used 25099K, capacity 25454K, committed 25728K, reserved 1071104K
  class space    used 3082K, capacity 3178K, committed 3200K, reserved 1048576K
Event: 4.281 GC heap after
Heap after GC invocations=4 (full 1):
 PSYoungGen      total 141824K, used 7194K [0x000000076ab00000, 0x0000000777100000, 0x00000007c0000000)
  eden space 131072K, 0% used [0x000000076ab00000,0x000000076ab00000,0x0000000772b00000)
  from space 10752K, 66% used [0x0000000772b00000,0x0000000773206bf0,0x0000000773580000)
  to   space 10752K, 0% used [0x0000000776680000,0x0000000776680000,0x0000000777100000)
 ParOldGen       total 114688K, used 11571K [0x00000006c0000000, 0x00000006c7000000, 0x000000076ab00000)
  object space 114688K, 10% used [0x00000006c0000000,0x00000006c0b4cf10,0x00000006c7000000)
 Metaspace       used 25099K, capacity 25454K, committed 25728K, reserved 1071104K
  class space    used 3082K, capacity 3178K, committed 3200K, reserved 1048576K
}
Event: 13.916 GC heap before
{Heap before GC invocations=5 (full 1):
 PSYoungGen      total 141824K, used 138266K [0x000000076ab00000, 0x0000000777100000, 0x00000007c0000000)
  eden space 131072K, 100% used [0x000000076ab00000,0x0000000772b00000,0x0000000772b00000)
  from space 10752K, 66% used [0x0000000772b00000,0x0000000773206bf0,0x0000000773580000)
  to   space 10752K, 0% used [0x0000000776680000,0x0000000776680000,0x0000000777100000)
 ParOldGen       total 114688K, used 11571K [0x00000006c0000000, 0x00000006c7000000, 0x000000076ab00000)
  object space 114688K, 10% used [0x00000006c0000000,0x00000006c0b4cf10,0x00000006c7000000)
 Metaspace       used 33892K, capacity 34390K, committed 34816K, reserved 1079296K
  class space    used 4125K, capacity 4246K, committed 4352K, reserved 1048576K
Event: 13.933 GC heap after
Heap after GC invocations=5 (full 1):
 PSYoungGen      total 184832K, used 10751K [0x000000076ab00000, 0x0000000777100000, 0x00000007c0000000)
  eden space 174080K, 0% used [0x000000076ab00000,0x000000076ab00000,0x0000000775500000)
  from space 10752K, 99% used [0x0000000776680000,0x00000007770ffe10,0x0000000777100000)
  to   space 10752K, 0% used [0x0000000775c00000,0x0000000775c00000,0x0000000776680000)
 ParOldGen       total 114688K, used 17420K [0x00000006c0000000, 0x00000006c7000000, 0x000000076ab00000)
  object space 114688K, 15% used [0x00000006c0000000,0x00000006c1103370,0x00000006c7000000)
 Metaspace       used 33892K, capacity 34390K, committed 34816K, reserved 1079296K
  class space    used 4125K, capacity 4246K, committed 4352K, reserved 1048576K
}
Event: 14.295 GC heap before
{Heap before GC invocations=6 (full 1):
 PSYoungGen      total 184832K, used 45488K [0x000000076ab00000, 0x0000000777100000, 0x00000007c0000000)
  eden space 174080K, 19% used [0x000000076ab00000,0x000000076ccec458,0x0000000775500000)
  from space 10752K, 99% used [0x0000000776680000,0x00000007770ffe10,0x0000000777100000)
  to   space 10752K, 0% used [0x0000000775c00000,0x0000000775c00000,0x0000000776680000)
 ParOldGen       total 114688K, used 17420K [0x00000006c0000000, 0x00000006c7000000, 0x000000076ab00000)
  object space 114688K, 15% used [0x00000006c0000000,0x00000006c1103370,0x00000006c7000000)
 Metaspace       used 34797K, capacity 35318K, committed 35496K, reserved 1081344K
  class space    used 4236K, capacity 4342K, committed 4352K, reserved 1048576K
Event: 14.308 GC heap after
Heap after GC invocations=6 (full 1):
 PSYoungGen      total 192000K, used 10720K [0x000000076ab00000, 0x000000077c100000, 0x00000007c0000000)
  eden space 181248K, 0% used [0x000000076ab00000,0x000000076ab00000,0x0000000775c00000)
  from space 10752K, 99% used [0x0000000775c00000,0x0000000776678260,0x0000000776680000)
  to   space 17408K, 0% used [0x000000077b000000,0x000000077b000000,0x000000077c100000)
 ParOldGen       total 114688K, used 18339K [0x00000006c0000000, 0x00000006c7000000, 0x000000076ab00000)
  object space 114688K, 15% used [0x00000006c0000000,0x00000006c11e8da8,0x00000006c7000000)
 Metaspace       used 34797K, capacity 35318K, committed 35496K, reserved 1081344K
  class space    used 4236K, capacity 4342K, committed 4352K, reserved 1048576K
}
Event: 14.308 GC heap before
{Heap before GC invocations=7 (full 2):
 PSYoungGen      total 192000K, used 10720K [0x000000076ab00000, 0x000000077c100000, 0x00000007c0000000)
  eden space 181248K, 0% used [0x000000076ab00000,0x000000076ab00000,0x0000000775c00000)
  from space 10752K, 99% used [0x0000000775c00000,0x0000000776678260,0x0000000776680000)
  to   space 17408K, 0% used [0x000000077b000000,0x000000077b000000,0x000000077c100000)
 ParOldGen       total 114688K, used 18339K [0x00000006c0000000, 0x00000006c7000000, 0x000000076ab00000)
  object space 114688K, 15% used [0x00000006c0000000,0x00000006c11e8da8,0x00000006c7000000)
 Metaspace       used 34797K, capacity 35318K, committed 35496K, reserved 1081344K
  class space    used 4236K, capacity 4342K, committed 4352K, reserved 1048576K
Event: 14.381 GC heap after
Heap after GC invocations=7 (full 2):
 PSYoungGen      total 192000K, used 0K [0x000000076ab00000, 0x000000077c100000, 0x00000007c0000000)
  eden space 181248K, 0% used [0x000000076ab00000,0x000000076ab00000,0x0000000775c00000)
  from space 10752K, 0% used [0x0000000775c00000,0x0000000775c00000,0x0000000776680000)
  to   space 17408K, 0% used [0x000000077b000000,0x000000077b000000,0x000000077c100000)
 ParOldGen       total 171008K, used 18650K [0x00000006c0000000, 0x00000006ca700000, 0x000000076ab00000)
  object space 171008K, 10% used [0x00000006c0000000,0x00000006c12368d8,0x00000006ca700000)
 Metaspace       used 34797K, capacity 35318K, committed 35496K, reserved 1081344K
  class space    used 4236K, capacity 4342K, committed 4352K, reserved 1048576K
}

